[Tue Jul 14 18:52:41 2009] [notice] Apache/2.2.11 (Win32) PHP/5.2.8 configured -- resuming normal operations
[Tue Jul 14 18:52:41 2009] [notice] Server built: Dec 10 2008 00:10:06
[Tue Jul 14 18:52:41 2009] [notice] Parent: Created child process 1628
Apache server interrupted...
otice] Child 1628: Child process is running
[Tue Jul 14 18:52:41 2009] [notice] Child 1628: Acquired the start mutex.
[Tue Jul 14 18:52:41 2009] [notice] Child 1628: Starting 64 worker threads.
[Tue Jul 14 18:52:41 2009] [notice] Child 1628: Starting thread to listen on port 8085.
[Tue Jul 14 18:52:41 2009] [notice] Child 1628: Starting thread to listen on port 8000.
[Tue Jul 14 18:56:20 2009] [notice] Parent: Received shutdown signal -- Shutting down the server.
[Tue Jul 14 18:56:20 2009] [notice] Child 1628: Exit event signaled. Child process is ending.
[Tue Jul 14 18:56:21 2009] [notice] Child 1628: Released the start mutex
[Tue Jul 14 18:56:22 2009] [notice] Child 1628: All worker threads have exited.
[Tue Jul 14 18:56:27 2009] [notice] Child 1628: Child process is exiting
[Tue Jul 14 18:56:27 2009] [notice] Parent: Child process exited successfully.
[Tue Jul 14 19:02:20 2009] [notice] Apache/2.2.11 (Win32) PHP/5.2.8 configured -- resuming normal operations
[Tue Jul 14 19:02:20 2009] [notice] Server built: Dec 10 2008 00:10:06
[Tue Jul 14 19:02:20 2009] [notice] Parent: Created child process 3320
Apache server interrupted...
otice] Child 3320: Child process is running
[Tue Jul 14 19:02:20 2009] [notice] Child 3320: Acquired the start mutex.
[Tue Jul 14 19:02:20 2009] [notice] Child 3320: Starting 64 worker threads.
[Tue Jul 14 19:02:20 2009] [notice] Child 3320: Starting thread to listen on port 8085.
[Tue Jul 14 19:02:20 2009] [notice] Child 3320: Starting thread to listen on port 8000.
[Tue Jul 14 19:03:54 2009] [notice] Parent: Received shutdown signal -- Shutting down the server.
Apache server interrupted...
otice] Child 3320: Exit event signaled. Child process is ending.
[Tue Jul 14 19:03:55 2009] [notice] Child 3320: Released the start mutex
[Tue Jul 14 19:03:56 2009] [notice] Child 3320: All worker threads have exited.
[Tue Jul 14 19:04:01 2009] [notice] Child 3320: Child process is exiting
[Tue Jul 14 19:04:01 2009] [notice] Parent: Child process exited successfully.
[Tue Jul 14 19:04:04 2009] [notice] Apache/2.2.11 (Win32) PHP/5.2.8 configured -- resuming normal operations
[Tue Jul 14 19:04:04 2009] [notice] Server built: Dec 10 2008 00:10:06
[Tue Jul 14 19:04:04 2009] [notice] Parent: Created child process 3360
Apache server interrupted...
otice] Child 3360: Child process is running
[Tue Jul 14 19:04:04 2009] [notice] Child 3360: Acquired the start mutex.
[Tue Jul 14 19:04:04 2009] [notice] Child 3360: Starting 64 worker threads.
[Tue Jul 14 19:04:04 2009] [notice] Child 3360: Starting thread to listen on port 8000.
[Tue Jul 14 19:04:04 2009] [notice] Child 3360: Starting thread to listen on port 8085.
[Tue Jul 14 19:04:29 2009] [notice] Parent: Received shutdown signal -- Shutting down the server.
[Tue Jul 14 19:04:29 2009] [notice] Child 3360: Exit event signaled. Child process is ending.
[Tue Jul 14 19:04:30 2009] [notice] Child 3360: Released the start mutex
[Tue Jul 14 19:04:31 2009] [notice] Child 3360: All worker threads have exited.
[Tue Jul 14 19:04:36 2009] [notice] Child 3360: Child process is exiting
[Tue Jul 14 19:04:36 2009] [notice] Parent: Child process exited successfully.
[Tue Jul 14 19:30:52 2009] [notice] Apache/2.2.11 (Win32) PHP/5.2.8 configured -- resuming normal operations
[Tue Jul 14 19:30:52 2009] [notice] Server built: Dec 10 2008 00:10:06
[Tue Jul 14 19:30:52 2009] [notice] Parent: Created child process 3696
Apache server interrupted...
otice] Child 3696: Child process is running
[Tue Jul 14 19:30:53 2009] [notice] Child 3696: Acquired the start mutex.
[Tue Jul 14 19:30:53 2009] [notice] Child 3696: Starting 64 worker threads.
[Tue Jul 14 19:30:53 2009] [notice] Child 3696: Starting thread to listen on port 8085.
[Tue Jul 14 19:30:53 2009] [notice] Child 3696: Starting thread to listen on port 8000.
[Tue Jul 14 19:31:11 2009] [notice] Parent: Received shutdown signal -- Shutting down the server.
[Tue Jul 14 19:31:11 2009] [notice] Child 3696: Exit event signaled. Child process is ending.
[Tue Jul 14 19:31:12 2009] [notice] Child 3696: Released the start mutex
[Tue Jul 14 19:31:13 2009] [notice] Child 3696: All worker threads have exited.
[Tue Jul 14 19:31:13 2009] [notice] Child 3696: Child process is exiting
[Tue Jul 14 19:31:13 2009] [notice] Parent: Child process exited successfully.
PHP Warning:  PHP Startup: Unable to load dynamic library '/ext/php_openssl.dll' - No se puede encontrar el m\xf3dulo especificado.\r\n in Unknown on line 0
PHP Warning:  PHP Startup: Unable to load dynamic library '/ext/php_pdo.dll' - No se puede encontrar el m\xf3dulo especificado.\r\n in Unknown on line 0
PHP Warning:  PHP Startup: Unable to load dynamic library '/ext/php_pdo_mysql.dll' - No se puede encontrar el m\xf3dulo especificado.\r\n in Unknown on line 0
PHP Warning:  PHP Startup: Unable to load dynamic library '/ext/php_pdo_sqlite.dll' - No se puede encontrar el m\xf3dulo especificado.\r\n in Unknown on line 0
PHP Warning:  PHP Startup: Unable to load dynamic library '/ext/php_soap.dll' - No se puede encontrar el m\xf3dulo especificado.\r\n in Unknown on line 0
PHP Warning:  PHP Startup: Unable to load dynamic library '/ext/php_sockets.dll' - No se puede encontrar el m\xf3dulo especificado.\r\n in Unknown on line 0
PHP Warning:  PHP Startup: Unable to load dynamic library '/ext/php_sqlite.dll' - No se puede encontrar el m\xf3dulo especificado.\r\n in Unknown on line 0
PHP Warning:  PHP Startup: Unable to load dynamic library '/ext/php_xsl.dll' - No se puede encontrar el m\xf3dulo especificado.\r\n in Unknown on line 0
PHP Warning:  PHP Startup: Unable to load dynamic library '/ext/php_zip.dll' - No se puede encontrar el m\xf3dulo especificado.\r\n in Unknown on line 0
[Tue Jul 14 19:32:46 2009] [notice] Apache/2.2.11 (Win32) PHP/5.2.8 configured -- resuming normal operations
[Tue Jul 14 19:32:46 2009] [notice] Server built: Dec 10 2008 00:10:06
[Tue Jul 14 19:32:46 2009] [notice] Parent: Created child process 3576
Apache server interrupted...
able to load dynamic library '/ext/php_openssl.dll' - No se puede encontrar el m\xf3dulo especificado.\r\n in Unknown on line 0
PHP Warning:  PHP Startup: Unable to load dynamic library '/ext/php_pdo.dll' - No se puede encontrar el m\xf3dulo especificado.\r\n in Unknown on line 0
PHP Warning:  PHP Startup: Unable to load dynamic library '/ext/php_pdo_mysql.dll' - No se puede encontrar el m\xf3dulo especificado.\r\n in Unknown on line 0
PHP Warning:  PHP Startup: Unable to load dynamic library '/ext/php_pdo_sqlite.dll' - No se puede encontrar el m\xf3dulo especificado.\r\n in Unknown on line 0
PHP Warning:  PHP Startup: Unable to load dynamic library '/ext/php_soap.dll' - No se puede encontrar el m\xf3dulo especificado.\r\n in Unknown on line 0
PHP Warning:  PHP Startup: Unable to load dynamic library '/ext/php_sockets.dll' - No se puede encontrar el m\xf3dulo especificado.\r\n in Unknown on line 0
PHP Warning:  PHP Startup: Unable to load dynamic library '/ext/php_sqlite.dll' - No se puede encontrar el m\xf3dulo especificado.\r\n in Unknown on line 0
PHP Warning:  PHP Startup: Unable to load dynamic library '/ext/php_xsl.dll' - No se puede encontrar el m\xf3dulo especificado.\r\n in Unknown on line 0
PHP Warning:  PHP Startup: Unable to load dynamic library '/ext/php_zip.dll' - No se puede encontrar el m\xf3dulo especificado.\r\n in Unknown on line 0
[Tue Jul 14 19:32:46 2009] [notice] Child 3576: Child process is running
[Tue Jul 14 19:32:46 2009] [notice] Child 3576: Acquired the start mutex.
[Tue Jul 14 19:32:46 2009] [notice] Child 3576: Starting 64 worker threads.
[Tue Jul 14 19:32:46 2009] [notice] Child 3576: Starting thread to listen on port 8085.
[Tue Jul 14 19:32:46 2009] [notice] Child 3576: Starting thread to listen on port 8000.
[Tue Jul 14 19:32:50 2009] [error] [client 127.0.0.1] PHP Fatal error:  Class 'PDO' not found in C:\\WebServer\\framework\\Data\\TDbConnection.php on line 183, referer: http://localhost:8085/index.php?page=Home
[Tue Jul 14 19:32:52 2009] [error] [client 127.0.0.1] PHP Fatal error:  Class 'PDO' not found in C:\\WebServer\\framework\\Data\\TDbConnection.php on line 183, referer: http://localhost:8085/index.php?page=Home
[Tue Jul 14 19:32:53 2009] [error] [client 127.0.0.1] PHP Fatal error:  Class 'PDO' not found in C:\\WebServer\\framework\\Data\\TDbConnection.php on line 183, referer: http://localhost:8085/index.php?page=Home
[Tue Jul 14 19:32:54 2009] [error] [client 127.0.0.1] PHP Fatal error:  Class 'PDO' not found in C:\\WebServer\\framework\\Data\\TDbConnection.php on line 183, referer: http://localhost:8085/index.php?page=Home
[Tue Jul 14 19:32:55 2009] [error] [client 127.0.0.1] PHP Fatal error:  Class 'PDO' not found in C:\\WebServer\\framework\\Data\\TDbConnection.php on line 183, referer: http://localhost:8085/index.php?page=Home
[Tue Jul 14 19:32:58 2009] [notice] Parent: Received shutdown signal -- Shutting down the server.
[Tue Jul 14 19:32:58 2009] [notice] Child 3576: Exit event signaled. Child process is ending.
[Tue Jul 14 19:32:59 2009] [notice] Child 3576: Released the start mutex
[Tue Jul 14 19:33:00 2009] [notice] Child 3576: All worker threads have exited.
[Tue Jul 14 19:33:00 2009] [notice] Child 3576: Child process is exiting
[Tue Jul 14 19:33:00 2009] [notice] Parent: Child process exited successfully.
[Tue Jul 14 19:33:24 2009] [notice] Apache/2.2.11 (Win32) PHP/5.2.8 configured -- resuming normal operations
[Tue Jul 14 19:33:24 2009] [notice] Server built: Dec 10 2008 00:10:06
[Tue Jul 14 19:33:24 2009] [notice] Parent: Created child process 3120
Apache server interrupted...
otice] Child 3120: Child process is running
[Tue Jul 14 19:33:25 2009] [notice] Child 3120: Acquired the start mutex.
[Tue Jul 14 19:33:25 2009] [notice] Child 3120: Starting 64 worker threads.
[Tue Jul 14 19:33:25 2009] [notice] Child 3120: Starting thread to listen on port 8085.
[Tue Jul 14 19:33:25 2009] [notice] Child 3120: Starting thread to listen on port 8000.
[Tue Jul 14 19:40:58 2009] [notice] Parent: Received shutdown signal -- Shutting down the server.
Apache server interrupted...
otice] Child 3120: Exit event signaled. Child process is ending.
[Tue Jul 14 19:40:59 2009] [notice] Child 3120: Released the start mutex
[Tue Jul 14 19:41:00 2009] [notice] Child 3120: All worker threads have exited.
[Tue Jul 14 19:41:05 2009] [notice] Child 3120: Child process is exiting
[Tue Jul 14 19:41:05 2009] [notice] Parent: Child process exited successfully.
[Tue Jul 14 19:41:12 2009] [notice] Apache/2.2.11 (Win32) PHP/5.2.8 configured -- resuming normal operations
[Tue Jul 14 19:41:12 2009] [notice] Server built: Dec 10 2008 00:10:06
[Tue Jul 14 19:41:12 2009] [notice] Parent: Created child process 3348
Apache server interrupted...
otice] Child 3348: Child process is running
[Tue Jul 14 19:41:12 2009] [notice] Child 3348: Acquired the start mutex.
[Tue Jul 14 19:41:12 2009] [notice] Child 3348: Starting 64 worker threads.
[Tue Jul 14 19:41:12 2009] [notice] Child 3348: Starting thread to listen on port 8085.
[Tue Jul 14 19:41:12 2009] [notice] Child 3348: Starting thread to listen on port 8000.
[Tue Jul 14 19:41:24 2009] [error] [client 127.0.0.1] File does not exist: C:/WebServer/SYM3/requierments
[Tue Jul 14 19:42:29 2009] [notice] Parent: Received shutdown signal -- Shutting down the server.
[Tue Jul 14 19:42:29 2009] [notice] Child 3348: Exit event signaled. Child process is ending.
[Tue Jul 14 19:42:30 2009] [notice] Child 3348: Released the start mutex
[Tue Jul 14 19:42:31 2009] [notice] Child 3348: All worker threads have exited.
[Tue Jul 14 19:42:36 2009] [notice] Child 3348: Child process is exiting
[Tue Jul 14 19:42:36 2009] [notice] Parent: Child process exited successfully.
[Tue Jul 14 19:42:42 2009] [notice] Apache/2.2.11 (Win32) PHP/5.2.8 configured -- resuming normal operations
[Tue Jul 14 19:42:42 2009] [notice] Server built: Dec 10 2008 00:10:06
[Tue Jul 14 19:42:42 2009] [notice] Parent: Created child process 1928
Apache server interrupted...
otice] Child 1928: Child process is running
[Tue Jul 14 19:42:42 2009] [notice] Child 1928: Acquired the start mutex.
[Tue Jul 14 19:42:42 2009] [notice] Child 1928: Starting 64 worker threads.
[Tue Jul 14 19:42:42 2009] [notice] Child 1928: Starting thread to listen on port 8085.
[Tue Jul 14 19:42:42 2009] [notice] Child 1928: Starting thread to listen on port 8000.
[Tue Jul 14 19:45:28 2009] [error] [client 127.0.0.1] File does not exist: C:/WebServer/SYM3/requierments
[Tue Jul 14 19:47:22 2009] [notice] Parent: Received shutdown signal -- Shutting down the server.
[Tue Jul 14 19:47:22 2009] [notice] Child 1928: Exit event signaled. Child process is ending.
[Tue Jul 14 19:47:23 2009] [notice] Child 1928: Released the start mutex
[Tue Jul 14 19:47:24 2009] [notice] Child 1928: All worker threads have exited.
[Tue Jul 14 19:47:24 2009] [notice] Child 1928: Child process is exiting
[Tue Jul 14 19:47:24 2009] [notice] Parent: Child process exited successfully.
[Tue Jul 14 19:47:38 2009] [notice] Apache/2.2.11 (Win32) PHP/5.2.8 configured -- resuming normal operations
[Tue Jul 14 19:47:38 2009] [notice] Server built: Dec 10 2008 00:10:06
[Tue Jul 14 19:47:38 2009] [notice] Parent: Created child process 2624
Apache server interrupted...
otice] Child 2624: Child process is running
[Tue Jul 14 19:47:38 2009] [notice] Child 2624: Acquired the start mutex.
[Tue Jul 14 19:47:38 2009] [notice] Child 2624: Starting 64 worker threads.
[Tue Jul 14 19:47:38 2009] [notice] Child 2624: Starting thread to listen on port 8085.
[Tue Jul 14 19:47:38 2009] [notice] Child 2624: Starting thread to listen on port 8000.
[Tue Jul 14 20:00:37 2009] [notice] Parent: Received shutdown signal -- Shutting down the server.
[Tue Jul 14 20:00:37 2009] [notice] Child 2624: Exit event signaled. Child process is ending.
[Tue Jul 14 20:00:38 2009] [notice] Child 2624: Released the start mutex
[Tue Jul 14 20:00:39 2009] [notice] Child 2624: All worker threads have exited.
[Tue Jul 14 20:00:39 2009] [notice] Child 2624: Child process is exiting
[Tue Jul 14 20:00:39 2009] [notice] Parent: Child process exited successfully.
[Tue Jul 14 20:04:34 2009] [notice] Apache/2.2.11 (Win32) PHP/5.2.8 configured -- resuming normal operations
[Tue Jul 14 20:04:34 2009] [notice] Server built: Dec 10 2008 00:10:06
[Tue Jul 14 20:04:34 2009] [notice] Parent: Created child process 2560
Apache server interrupted...
otice] Child 2560: Child process is running
[Tue Jul 14 20:04:35 2009] [notice] Child 2560: Acquired the start mutex.
[Tue Jul 14 20:04:35 2009] [notice] Child 2560: Starting 64 worker threads.
[Tue Jul 14 20:04:35 2009] [notice] Child 2560: Starting thread to listen on port 8085.
[Tue Jul 14 20:04:35 2009] [notice] Child 2560: Starting thread to listen on port 8000.
[Tue Jul 14 20:09:32 2009] [notice] Parent: Received shutdown signal -- Shutting down the server.
[Tue Jul 14 20:09:32 2009] [notice] Child 2560: Exit event signaled. Child process is ending.
[Tue Jul 14 20:09:33 2009] [notice] Child 2560: Released the start mutex
[Tue Jul 14 20:09:34 2009] [notice] Child 2560: All worker threads have exited.
[Tue Jul 14 20:09:39 2009] [notice] Child 2560: Child process is exiting
[Tue Jul 14 20:09:39 2009] [notice] Parent: Child process exited successfully.
PHP Warning:  PHP Startup: Unable to load dynamic library '/WebServer/PHP/ext/php_pdo_mysql.dll' - No se puede encontrar el m\xf3dulo especificado.\r\n in Unknown on line 0
[Tue Jul 14 20:32:16 2009] [notice] Apache/2.2.11 (Win32) PHP/5.2.8 configured -- resuming normal operations
[Tue Jul 14 20:32:16 2009] [notice] Server built: Dec 10 2008 00:10:06
[Tue Jul 14 20:32:16 2009] [notice] Parent: Created child process 2892
Apache server interrupted...
able to load dynamic library '/WebServer/PHP/ext/php_pdo_mysql.dll' - No se puede encontrar el m\xf3dulo especificado.\r\n in Unknown on line 0
[Tue Jul 14 20:32:25 2009] [notice] Child 2892: Child process is running
[Tue Jul 14 20:32:25 2009] [notice] Child 2892: Acquired the start mutex.
[Tue Jul 14 20:32:25 2009] [notice] Child 2892: Starting 64 worker threads.
[Tue Jul 14 20:32:26 2009] [notice] Child 2892: Starting thread to listen on port 8085.
[Tue Jul 14 20:32:26 2009] [notice] Child 2892: Starting thread to listen on port 8000.
[Tue Jul 14 20:34:26 2009] [error] [client 127.0.0.1] File does not exist: C:/WebServer/SymBundle/SYM3/favicon.ico
[Tue Jul 14 20:34:29 2009] [error] [client 127.0.0.1] File does not exist: C:/WebServer/SymBundle/SYM3/favicon.ico
[Tue Jul 14 20:34:52 2009] [notice] Parent: Received shutdown signal -- Shutting down the server.
[Tue Jul 14 20:34:52 2009] [notice] Child 2892: Exit event signaled. Child process is ending.
[Tue Jul 14 20:34:53 2009] [notice] Child 2892: Released the start mutex
[Tue Jul 14 20:34:54 2009] [notice] Child 2892: All worker threads have exited.
[Tue Jul 14 20:34:54 2009] [notice] Child 2892: Child process is exiting
[Tue Jul 14 20:34:54 2009] [notice] Parent: Child process exited successfully.
PHP Warning:  PHP Startup: Unable to load dynamic library '/WebServer/PHP/ext/php_pdo_mysql.dll' - No se puede encontrar el m\xf3dulo especificado.\r\n in Unknown on line 0
[Tue Jul 14 20:37:30 2009] [notice] Apache/2.2.11 (Win32) PHP/5.2.8 configured -- resuming normal operations
[Tue Jul 14 20:37:30 2009] [notice] Server built: Dec 10 2008 00:10:06
[Tue Jul 14 20:37:30 2009] [notice] Parent: Created child process 2964
Apache server interrupted...
able to load dynamic library '/WebServer/PHP/ext/php_pdo_mysql.dll' - No se puede encontrar el m\xf3dulo especificado.\r\n in Unknown on line 0
[Tue Jul 14 20:37:34 2009] [notice] Child 2964: Child process is running
[Tue Jul 14 20:37:34 2009] [notice] Child 2964: Acquired the start mutex.
[Tue Jul 14 20:37:34 2009] [notice] Child 2964: Starting 64 worker threads.
[Tue Jul 14 20:37:34 2009] [notice] Child 2964: Starting thread to listen on port 8085.
[Tue Jul 14 20:37:34 2009] [notice] Child 2964: Starting thread to listen on port 8000.
[Tue Jul 14 20:37:59 2009] [notice] Parent: Received shutdown signal -- Shutting down the server.
[Tue Jul 14 20:37:59 2009] [notice] Child 2964: Exit event signaled. Child process is ending.
[Tue Jul 14 20:38:00 2009] [notice] Child 2964: Released the start mutex
[Tue Jul 14 20:38:01 2009] [notice] Child 2964: All worker threads have exited.
[Tue Jul 14 20:38:01 2009] [notice] Child 2964: Child process is exiting
[Tue Jul 14 20:38:01 2009] [notice] Parent: Child process exited successfully.
PHP Warning:  PHP Startup: Unable to load dynamic library '/WebServer/PHP/ext/php_pdo_mysql.dll' - No se puede encontrar el m\xf3dulo especificado.\r\n in Unknown on line 0
[Tue Jul 14 20:38:49 2009] [notice] Apache/2.2.11 (Win32) PHP/5.2.8 configured -- resuming normal operations
[Tue Jul 14 20:38:49 2009] [notice] Server built: Dec 10 2008 00:10:06
[Tue Jul 14 20:38:49 2009] [notice] Parent: Created child process 4088
Apache server interrupted...
able to load dynamic library '/WebServer/PHP/ext/php_pdo_mysql.dll' - No se puede encontrar el m\xf3dulo especificado.\r\n in Unknown on line 0
[Tue Jul 14 20:38:50 2009] [notice] Child 4088: Child process is running
[Tue Jul 14 20:38:50 2009] [notice] Child 4088: Acquired the start mutex.
[Tue Jul 14 20:38:50 2009] [notice] Child 4088: Starting 64 worker threads.
[Tue Jul 14 20:38:50 2009] [notice] Child 4088: Starting thread to listen on port 8085.
[Tue Jul 14 20:38:50 2009] [notice] Child 4088: Starting thread to listen on port 8000.
[Tue Jul 14 20:38:57 2009] [notice] Parent: Received shutdown signal -- Shutting down the server.
[Tue Jul 14 20:38:57 2009] [notice] Child 4088: Exit event signaled. Child process is ending.
[Tue Jul 14 20:38:58 2009] [notice] Child 4088: Released the start mutex
[Tue Jul 14 20:39:02 2009] [notice] Child 4088: All worker threads have exited.
[Tue Jul 14 20:39:02 2009] [notice] Child 4088: Child process is exiting
[Tue Jul 14 20:39:02 2009] [notice] Parent: Child process exited successfully.
PHP Warning:  PHP Startup: Unable to load dynamic library '/WebServer/PHP/ext/php_pdo_mysql.dll' - No se puede encontrar el m\xf3dulo especificado.\r\n in Unknown on line 0
[Tue Jul 14 20:40:41 2009] [notice] Apache/2.2.11 (Win32) PHP/5.2.8 configured -- resuming normal operations
[Tue Jul 14 20:40:41 2009] [notice] Server built: Dec 10 2008 00:10:06
[Tue Jul 14 20:40:41 2009] [notice] Parent: Created child process 680
Apache server interrupted...
able to load dynamic library '/WebServer/PHP/ext/php_pdo_mysql.dll' - No se puede encontrar el m\xf3dulo especificado.\r\n in Unknown on line 0
[Tue Jul 14 20:40:41 2009] [notice] Child 680: Child process is running
[Tue Jul 14 20:40:41 2009] [notice] Child 680: Acquired the start mutex.
[Tue Jul 14 20:40:41 2009] [notice] Child 680: Starting 64 worker threads.
[Tue Jul 14 20:40:41 2009] [notice] Child 680: Starting thread to listen on port 8085.
[Tue Jul 14 20:40:41 2009] [notice] Child 680: Starting thread to listen on port 8000.
[Tue Jul 14 20:40:43 2009] [notice] Parent: Received shutdown signal -- Shutting down the server.
[Tue Jul 14 20:40:43 2009] [notice] Child 680: Exit event signaled. Child process is ending.
[Tue Jul 14 20:40:44 2009] [notice] Child 680: Released the start mutex
[Tue Jul 14 20:40:45 2009] [notice] Child 680: All worker threads have exited.
[Tue Jul 14 20:40:45 2009] [notice] Child 680: Child process is exiting
[Tue Jul 14 20:40:45 2009] [notice] Parent: Child process exited successfully.
PHP Warning:  PHP Startup: Unable to load dynamic library '/WebServer/PHP/ext/php_pdo_mysql.dll' - No se puede encontrar el m\xf3dulo especificado.\r\n in Unknown on line 0
[Tue Jul 14 20:40:57 2009] [notice] Apache/2.2.11 (Win32) PHP/5.2.8 configured -- resuming normal operations
[Tue Jul 14 20:40:57 2009] [notice] Server built: Dec 10 2008 00:10:06
[Tue Jul 14 20:40:57 2009] [notice] Parent: Created child process 3288
Apache server interrupted...
able to load dynamic library '/WebServer/PHP/ext/php_pdo_mysql.dll' - No se puede encontrar el m\xf3dulo especificado.\r\n in Unknown on line 0
[Tue Jul 14 20:40:57 2009] [notice] Child 3288: Child process is running
[Tue Jul 14 20:40:57 2009] [notice] Child 3288: Acquired the start mutex.
[Tue Jul 14 20:40:57 2009] [notice] Child 3288: Starting 64 worker threads.
[Tue Jul 14 20:40:57 2009] [notice] Child 3288: Starting thread to listen on port 8085.
[Tue Jul 14 20:40:57 2009] [notice] Child 3288: Starting thread to listen on port 8000.
[Tue Jul 14 20:41:13 2009] [notice] Parent: Received shutdown signal -- Shutting down the server.
[Tue Jul 14 20:41:13 2009] [notice] Child 3288: Exit event signaled. Child process is ending.
[Tue Jul 14 20:41:14 2009] [notice] Child 3288: Released the start mutex
[Tue Jul 14 20:41:15 2009] [notice] Child 3288: All worker threads have exited.
[Tue Jul 14 20:41:15 2009] [notice] Child 3288: Child process is exiting
[Tue Jul 14 20:41:15 2009] [notice] Parent: Child process exited successfully.
PHP Warning:  PHP Startup: Unable to load dynamic library '/WebServer/PHP/ext/php_pdo_mysql.dll' - No se puede encontrar el m\xf3dulo especificado.\r\n in Unknown on line 0
[Tue Jul 14 20:41:21 2009] [notice] Apache/2.2.11 (Win32) PHP/5.2.8 configured -- resuming normal operations
[Tue Jul 14 20:41:21 2009] [notice] Server built: Dec 10 2008 00:10:06
[Tue Jul 14 20:41:21 2009] [notice] Parent: Created child process 2440
Apache server interrupted...
able to load dynamic library '/WebServer/PHP/ext/php_pdo_mysql.dll' - No se puede encontrar el m\xf3dulo especificado.\r\n in Unknown on line 0
[Tue Jul 14 20:41:22 2009] [notice] Child 2440: Child process is running
[Tue Jul 14 20:41:22 2009] [notice] Child 2440: Acquired the start mutex.
[Tue Jul 14 20:41:22 2009] [notice] Child 2440: Starting 64 worker threads.
[Tue Jul 14 20:41:22 2009] [notice] Child 2440: Starting thread to listen on port 8085.
[Tue Jul 14 20:41:22 2009] [notice] Child 2440: Starting thread to listen on port 8000.
[Tue Jul 14 20:41:27 2009] [notice] Parent: Received shutdown signal -- Shutting down the server.
[Tue Jul 14 20:41:27 2009] [notice] Child 2440: Exit event signaled. Child process is ending.
[Tue Jul 14 20:41:28 2009] [notice] Child 2440: Released the start mutex
[Tue Jul 14 20:41:29 2009] [notice] Child 2440: All worker threads have exited.
[Tue Jul 14 20:41:29 2009] [notice] Child 2440: Child process is exiting
[Tue Jul 14 20:41:29 2009] [notice] Parent: Child process exited successfully.
PHP Warning:  PHP Startup: Unable to load dynamic library '/WebServer/PHP/ext/php_pdo_mysql.dll' - No se puede encontrar el m\xf3dulo especificado.\r\n in Unknown on line 0
[Tue Jul 14 20:42:01 2009] [notice] Apache/2.2.11 (Win32) PHP/5.2.8 configured -- resuming normal operations
[Tue Jul 14 20:42:01 2009] [notice] Server built: Dec 10 2008 00:10:06
[Tue Jul 14 20:42:01 2009] [notice] Parent: Created child process 1468
Apache server interrupted...
able to load dynamic library '/WebServer/PHP/ext/php_pdo_mysql.dll' - No se puede encontrar el m\xf3dulo especificado.\r\n in Unknown on line 0
[Tue Jul 14 20:42:02 2009] [notice] Child 1468: Child process is running
[Tue Jul 14 20:42:02 2009] [notice] Child 1468: Acquired the start mutex.
[Tue Jul 14 20:42:02 2009] [notice] Child 1468: Starting 64 worker threads.
[Tue Jul 14 20:42:02 2009] [notice] Child 1468: Starting thread to listen on port 8085.
[Tue Jul 14 20:42:02 2009] [notice] Child 1468: Starting thread to listen on port 8000.
[Tue Jul 14 20:43:20 2009] [notice] Parent: Received shutdown signal -- Shutting down the server.
[Tue Jul 14 20:43:20 2009] [notice] Child 1468: Exit event signaled. Child process is ending.
[Tue Jul 14 20:43:21 2009] [notice] Child 1468: Released the start mutex
[Tue Jul 14 20:43:22 2009] [notice] Child 1468: All worker threads have exited.
[Tue Jul 14 20:43:22 2009] [notice] Child 1468: Child process is exiting
[Tue Jul 14 20:43:22 2009] [notice] Parent: Child process exited successfully.
PHP Warning:  PHP Startup: Unable to load dynamic library '/WebServer/PHP/ext/php_pdo_mysql.dll' - No se puede encontrar el m\xf3dulo especificado.\r\n in Unknown on line 0
[Tue Jul 14 20:43:34 2009] [notice] Apache/2.2.11 (Win32) PHP/5.2.8 configured -- resuming normal operations
[Tue Jul 14 20:43:34 2009] [notice] Server built: Dec 10 2008 00:10:06
[Tue Jul 14 20:43:34 2009] [notice] Parent: Created child process 1160
Apache server interrupted...
able to load dynamic library '/WebServer/PHP/ext/php_pdo_mysql.dll' - No se puede encontrar el m\xf3dulo especificado.\r\n in Unknown on line 0
[Tue Jul 14 20:43:35 2009] [notice] Child 1160: Child process is running
[Tue Jul 14 20:43:35 2009] [notice] Child 1160: Acquired the start mutex.
[Tue Jul 14 20:43:35 2009] [notice] Child 1160: Starting 64 worker threads.
[Tue Jul 14 20:43:35 2009] [notice] Child 1160: Starting thread to listen on port 8085.
[Tue Jul 14 20:43:35 2009] [notice] Child 1160: Starting thread to listen on port 8000.
[Tue Jul 14 20:44:02 2009] [notice] Parent: Received shutdown signal -- Shutting down the server.
[Tue Jul 14 20:44:02 2009] [notice] Child 1160: Exit event signaled. Child process is ending.
[Tue Jul 14 20:44:03 2009] [notice] Child 1160: Released the start mutex
[Tue Jul 14 20:44:04 2009] [notice] Child 1160: All worker threads have exited.
[Tue Jul 14 20:44:04 2009] [notice] Child 1160: Child process is exiting
[Tue Jul 14 20:44:04 2009] [notice] Parent: Child process exited successfully.
PHP Warning:  PHP Startup: Unable to load dynamic library '/WebServer/PHP/ext/php_pdo_mysql.dll' - No se puede encontrar el m\xf3dulo especificado.\r\n in Unknown on line 0
[Tue Jul 14 20:44:09 2009] [notice] Apache/2.2.11 (Win32) PHP/5.2.8 configured -- resuming normal operations
[Tue Jul 14 20:44:09 2009] [notice] Server built: Dec 10 2008 00:10:06
[Tue Jul 14 20:44:09 2009] [notice] Parent: Created child process 3168
Apache server interrupted...
able to load dynamic library '/WebServer/PHP/ext/php_pdo_mysql.dll' - No se puede encontrar el m\xf3dulo especificado.\r\n in Unknown on line 0
[Tue Jul 14 20:44:10 2009] [notice] Child 3168: Child process is running
[Tue Jul 14 20:44:10 2009] [notice] Child 3168: Acquired the start mutex.
[Tue Jul 14 20:44:10 2009] [notice] Child 3168: Starting 64 worker threads.
[Tue Jul 14 20:44:10 2009] [notice] Child 3168: Starting thread to listen on port 8085.
[Tue Jul 14 20:44:10 2009] [notice] Child 3168: Starting thread to listen on port 8000.
[Tue Jul 14 20:44:16 2009] [notice] Parent: Received shutdown signal -- Shutting down the server.
[Tue Jul 14 20:44:16 2009] [notice] Child 3168: Exit event signaled. Child process is ending.
[Tue Jul 14 20:44:17 2009] [notice] Child 3168: Released the start mutex
[Tue Jul 14 20:44:20 2009] [notice] Child 3168: All worker threads have exited.
[Tue Jul 14 20:44:20 2009] [notice] Child 3168: Child process is exiting
[Tue Jul 14 20:44:20 2009] [notice] Parent: Child process exited successfully.
PHP Warning:  PHP Startup: Unable to load dynamic library '/WebServer/PHP/ext/php_pdo_mysql.dll' - No se puede encontrar el m\xf3dulo especificado.\r\n in Unknown on line 0
[Tue Jul 14 20:44:43 2009] [notice] Apache/2.2.11 (Win32) PHP/5.2.8 configured -- resuming normal operations
[Tue Jul 14 20:44:43 2009] [notice] Server built: Dec 10 2008 00:10:06
[Tue Jul 14 20:44:43 2009] [notice] Parent: Created child process 2692
Apache server interrupted...
able to load dynamic library '/WebServer/PHP/ext/php_pdo_mysql.dll' - No se puede encontrar el m\xf3dulo especificado.\r\n in Unknown on line 0
[Tue Jul 14 20:44:44 2009] [notice] Child 2692: Child process is running
[Tue Jul 14 20:44:44 2009] [notice] Child 2692: Acquired the start mutex.
[Tue Jul 14 20:44:44 2009] [notice] Child 2692: Starting 64 worker threads.
[Tue Jul 14 20:44:44 2009] [notice] Child 2692: Starting thread to listen on port 8085.
[Tue Jul 14 20:44:44 2009] [notice] Child 2692: Starting thread to listen on port 8000.
[Tue Jul 14 20:56:37 2009] [notice] Parent: Received shutdown signal -- Shutting down the server.
[Tue Jul 14 20:56:37 2009] [notice] Child 2692: Exit event signaled. Child process is ending.
[Tue Jul 14 20:56:38 2009] [notice] Child 2692: Released the start mutex
[Tue Jul 14 20:56:39 2009] [notice] Child 2692: All worker threads have exited.
[Tue Jul 14 20:56:39 2009] [notice] Child 2692: Child process is exiting
[Tue Jul 14 20:56:39 2009] [notice] Parent: Child process exited successfully.
PHP Warning:  PHP Startup: Unable to load dynamic library 'ext/php_mcrypt.dll' - No se puede encontrar el m\xf3dulo especificado.\r\n in Unknown on line 0
PHP Warning:  PHP Startup: Unable to load dynamic library 'ext/php_openssl.dll' - No se puede encontrar el m\xf3dulo especificado.\r\n in Unknown on line 0
PHP Warning:  PHP Startup: Unable to load dynamic library 'ext/php_pdo.dll' - No se puede encontrar el m\xf3dulo especificado.\r\n in Unknown on line 0
PHP Warning:  PHP Startup: Unable to load dynamic library 'ext/php_pdo_mysql.dll' - No se puede encontrar el m\xf3dulo especificado.\r\n in Unknown on line 0
PHP Warning:  PHP Startup: Unable to load dynamic library 'ext/php_pdo_sqlite.dll' - No se puede encontrar el m\xf3dulo especificado.\r\n in Unknown on line 0
PHP Warning:  PHP Startup: Unable to load dynamic library 'ext/php_soap.dll' - No se puede encontrar el m\xf3dulo especificado.\r\n in Unknown on line 0
PHP Warning:  PHP Startup: Unable to load dynamic library 'ext/php_sockets.dll' - No se puede encontrar el m\xf3dulo especificado.\r\n in Unknown on line 0
PHP Warning:  PHP Startup: Unable to load dynamic library 'ext/php_sqlite.dll' - No se puede encontrar el m\xf3dulo especificado.\r\n in Unknown on line 0
PHP Warning:  PHP Startup: Unable to load dynamic library 'ext/php_xsl.dll' - No se puede encontrar el m\xf3dulo especificado.\r\n in Unknown on line 0
PHP Warning:  PHP Startup: Unable to load dynamic library 'ext/php_zip.dll' - No se puede encontrar el m\xf3dulo especificado.\r\n in Unknown on line 0
[Tue Jul 14 20:56:46 2009] [notice] Apache/2.2.11 (Win32) PHP/5.2.8 configured -- resuming normal operations
[Tue Jul 14 20:56:46 2009] [notice] Server built: Dec 10 2008 00:10:06
[Tue Jul 14 20:56:46 2009] [notice] Parent: Created child process 356
Apache server interrupted...
able to load dynamic library 'ext/php_mcrypt.dll' - No se puede encontrar el m\xf3dulo especificado.\r\n in Unknown on line 0
PHP Warning:  PHP Startup: Unable to load dynamic library 'ext/php_openssl.dll' - No se puede encontrar el m\xf3dulo especificado.\r\n in Unknown on line 0
PHP Warning:  PHP Startup: Unable to load dynamic library 'ext/php_pdo.dll' - No se puede encontrar el m\xf3dulo especificado.\r\n in Unknown on line 0
PHP Warning:  PHP Startup: Unable to load dynamic library 'ext/php_pdo_mysql.dll' - No se puede encontrar el m\xf3dulo especificado.\r\n in Unknown on line 0
PHP Warning:  PHP Startup: Unable to load dynamic library 'ext/php_pdo_sqlite.dll' - No se puede encontrar el m\xf3dulo especificado.\r\n in Unknown on line 0
PHP Warning:  PHP Startup: Unable to load dynamic library 'ext/php_soap.dll' - No se puede encontrar el m\xf3dulo especificado.\r\n in Unknown on line 0
PHP Warning:  PHP Startup: Unable to load dynamic library 'ext/php_sockets.dll' - No se puede encontrar el m\xf3dulo especificado.\r\n in Unknown on line 0
PHP Warning:  PHP Startup: Unable to load dynamic library 'ext/php_sqlite.dll' - No se puede encontrar el m\xf3dulo especificado.\r\n in Unknown on line 0
PHP Warning:  PHP Startup: Unable to load dynamic library 'ext/php_xsl.dll' - No se puede encontrar el m\xf3dulo especificado.\r\n in Unknown on line 0
PHP Warning:  PHP Startup: Unable to load dynamic library 'ext/php_zip.dll' - No se puede encontrar el m\xf3dulo especificado.\r\n in Unknown on line 0
[Tue Jul 14 20:56:46 2009] [notice] Child 356: Child process is running
[Tue Jul 14 20:56:46 2009] [notice] Child 356: Acquired the start mutex.
[Tue Jul 14 20:56:46 2009] [notice] Child 356: Starting 64 worker threads.
[Tue Jul 14 20:56:46 2009] [notice] Child 356: Starting thread to listen on port 8085.
[Tue Jul 14 20:56:46 2009] [notice] Child 356: Starting thread to listen on port 8000.
[Tue Jul 14 20:57:55 2009] [notice] Parent: Received shutdown signal -- Shutting down the server.
[Tue Jul 14 20:57:55 2009] [notice] Child 356: Exit event signaled. Child process is ending.
[Tue Jul 14 20:57:56 2009] [notice] Child 356: Released the start mutex
[Tue Jul 14 20:57:57 2009] [notice] Child 356: All worker threads have exited.
[Tue Jul 14 20:57:57 2009] [notice] Child 356: Child process is exiting
[Tue Jul 14 20:57:57 2009] [notice] Parent: Child process exited successfully.
PHP Warning:  PHP Startup: Unable to load dynamic library 'ext/php_mcrypt.dll' - No se puede encontrar el m\xf3dulo especificado.\r\n in Unknown on line 0
PHP Warning:  PHP Startup: Unable to load dynamic library 'ext/php_openssl.dll' - No se puede encontrar el m\xf3dulo especificado.\r\n in Unknown on line 0
PHP Warning:  PHP Startup: Unable to load dynamic library 'ext/php_pdo.dll' - No se puede encontrar el m\xf3dulo especificado.\r\n in Unknown on line 0
PHP Warning:  PHP Startup: Unable to load dynamic library 'ext/php_pdo_mysql.dll' - No se puede encontrar el m\xf3dulo especificado.\r\n in Unknown on line 0
PHP Warning:  PHP Startup: Unable to load dynamic library 'ext/php_pdo_sqlite.dll' - No se puede encontrar el m\xf3dulo especificado.\r\n in Unknown on line 0
PHP Warning:  PHP Startup: Unable to load dynamic library 'ext/php_soap.dll' - No se puede encontrar el m\xf3dulo especificado.\r\n in Unknown on line 0
PHP Warning:  PHP Startup: Unable to load dynamic library 'ext/php_sockets.dll' - No se puede encontrar el m\xf3dulo especificado.\r\n in Unknown on line 0
PHP Warning:  PHP Startup: Unable to load dynamic library 'ext/php_sqlite.dll' - No se puede encontrar el m\xf3dulo especificado.\r\n in Unknown on line 0
PHP Warning:  PHP Startup: Unable to load dynamic library 'ext/php_xsl.dll' - No se puede encontrar el m\xf3dulo especificado.\r\n in Unknown on line 0
PHP Warning:  PHP Startup: Unable to load dynamic library 'ext/php_zip.dll' - No se puede encontrar el m\xf3dulo especificado.\r\n in Unknown on line 0
[Tue Jul 14 20:58:02 2009] [notice] Apache/2.2.11 (Win32) PHP/5.2.8 configured -- resuming normal operations
[Tue Jul 14 20:58:02 2009] [notice] Server built: Dec 10 2008 00:10:06
[Tue Jul 14 20:58:02 2009] [notice] Parent: Created child process 2648
Apache server interrupted...
able to load dynamic library 'ext/php_mcrypt.dll' - No se puede encontrar el m\xf3dulo especificado.\r\n in Unknown on line 0
PHP Warning:  PHP Startup: Unable to load dynamic library 'ext/php_openssl.dll' - No se puede encontrar el m\xf3dulo especificado.\r\n in Unknown on line 0
PHP Warning:  PHP Startup: Unable to load dynamic library 'ext/php_pdo.dll' - No se puede encontrar el m\xf3dulo especificado.\r\n in Unknown on line 0
PHP Warning:  PHP Startup: Unable to load dynamic library 'ext/php_pdo_mysql.dll' - No se puede encontrar el m\xf3dulo especificado.\r\n in Unknown on line 0
PHP Warning:  PHP Startup: Unable to load dynamic library 'ext/php_pdo_sqlite.dll' - No se puede encontrar el m\xf3dulo especificado.\r\n in Unknown on line 0
PHP Warning:  PHP Startup: Unable to load dynamic library 'ext/php_soap.dll' - No se puede encontrar el m\xf3dulo especificado.\r\n in Unknown on line 0
PHP Warning:  PHP Startup: Unable to load dynamic library 'ext/php_sockets.dll' - No se puede encontrar el m\xf3dulo especificado.\r\n in Unknown on line 0
PHP Warning:  PHP Startup: Unable to load dynamic library 'ext/php_sqlite.dll' - No se puede encontrar el m\xf3dulo especificado.\r\n in Unknown on line 0
PHP Warning:  PHP Startup: Unable to load dynamic library 'ext/php_xsl.dll' - No se puede encontrar el m\xf3dulo especificado.\r\n in Unknown on line 0
PHP Warning:  PHP Startup: Unable to load dynamic library 'ext/php_zip.dll' - No se puede encontrar el m\xf3dulo especificado.\r\n in Unknown on line 0
[Tue Jul 14 20:58:02 2009] [notice] Child 2648: Child process is running
[Tue Jul 14 20:58:02 2009] [notice] Child 2648: Acquired the start mutex.
[Tue Jul 14 20:58:02 2009] [notice] Child 2648: Starting 64 worker threads.
[Tue Jul 14 20:58:02 2009] [notice] Child 2648: Starting thread to listen on port 8085.
[Tue Jul 14 20:58:02 2009] [notice] Child 2648: Starting thread to listen on port 8000.
[Tue Jul 14 20:58:24 2009] [notice] Parent: Received shutdown signal -- Shutting down the server.
[Tue Jul 14 20:58:24 2009] [notice] Child 2648: Exit event signaled. Child process is ending.
[Tue Jul 14 20:58:25 2009] [notice] Child 2648: Released the start mutex
[Tue Jul 14 20:58:26 2009] [notice] Child 2648: All worker threads have exited.
[Tue Jul 14 20:58:26 2009] [notice] Child 2648: Child process is exiting
[Tue Jul 14 20:58:26 2009] [notice] Parent: Child process exited successfully.
PHP Warning:  PHP Startup: Unable to load dynamic library 'ext/php_mcrypt.dll' - No se puede encontrar el m\xf3dulo especificado.\r\n in Unknown on line 0
PHP Warning:  PHP Startup: Unable to load dynamic library 'ext/php_openssl.dll' - No se puede encontrar el m\xf3dulo especificado.\r\n in Unknown on line 0
PHP Warning:  PHP Startup: Unable to load dynamic library 'ext/php_pdo.dll' - No se puede encontrar el m\xf3dulo especificado.\r\n in Unknown on line 0
PHP Warning:  PHP Startup: Unable to load dynamic library 'ext/php_pdo_mysql.dll' - No se puede encontrar el m\xf3dulo especificado.\r\n in Unknown on line 0
PHP Warning:  PHP Startup: Unable to load dynamic library 'ext/php_pdo_sqlite.dll' - No se puede encontrar el m\xf3dulo especificado.\r\n in Unknown on line 0
PHP Warning:  PHP Startup: Unable to load dynamic library 'ext/php_soap.dll' - No se puede encontrar el m\xf3dulo especificado.\r\n in Unknown on line 0
PHP Warning:  PHP Startup: Unable to load dynamic library 'ext/php_sockets.dll' - No se puede encontrar el m\xf3dulo especificado.\r\n in Unknown on line 0
PHP Warning:  PHP Startup: Unable to load dynamic library 'ext/php_sqlite.dll' - No se puede encontrar el m\xf3dulo especificado.\r\n in Unknown on line 0
PHP Warning:  PHP Startup: Unable to load dynamic library 'ext/php_xsl.dll' - No se puede encontrar el m\xf3dulo especificado.\r\n in Unknown on line 0
PHP Warning:  PHP Startup: Unable to load dynamic library 'ext/php_zip.dll' - No se puede encontrar el m\xf3dulo especificado.\r\n in Unknown on line 0
[Tue Jul 14 20:59:11 2009] [notice] Apache/2.2.11 (Win32) PHP/5.2.8 configured -- resuming normal operations
[Tue Jul 14 20:59:11 2009] [notice] Server built: Dec 10 2008 00:10:06
[Tue Jul 14 20:59:11 2009] [notice] Parent: Created child process 2940
Apache server interrupted...
able to load dynamic library 'ext/php_mcrypt.dll' - No se puede encontrar el m\xf3dulo especificado.\r\n in Unknown on line 0
PHP Warning:  PHP Startup: Unable to load dynamic library 'ext/php_openssl.dll' - No se puede encontrar el m\xf3dulo especificado.\r\n in Unknown on line 0
PHP Warning:  PHP Startup: Unable to load dynamic library 'ext/php_pdo.dll' - No se puede encontrar el m\xf3dulo especificado.\r\n in Unknown on line 0
PHP Warning:  PHP Startup: Unable to load dynamic library 'ext/php_pdo_mysql.dll' - No se puede encontrar el m\xf3dulo especificado.\r\n in Unknown on line 0
PHP Warning:  PHP Startup: Unable to load dynamic library 'ext/php_pdo_sqlite.dll' - No se puede encontrar el m\xf3dulo especificado.\r\n in Unknown on line 0
PHP Warning:  PHP Startup: Unable to load dynamic library 'ext/php_soap.dll' - No se puede encontrar el m\xf3dulo especificado.\r\n in Unknown on line 0
PHP Warning:  PHP Startup: Unable to load dynamic library 'ext/php_sockets.dll' - No se puede encontrar el m\xf3dulo especificado.\r\n in Unknown on line 0
PHP Warning:  PHP Startup: Unable to load dynamic library 'ext/php_sqlite.dll' - No se puede encontrar el m\xf3dulo especificado.\r\n in Unknown on line 0
PHP Warning:  PHP Startup: Unable to load dynamic library 'ext/php_xsl.dll' - No se puede encontrar el m\xf3dulo especificado.\r\n in Unknown on line 0
PHP Warning:  PHP Startup: Unable to load dynamic library 'ext/php_zip.dll' - No se puede encontrar el m\xf3dulo especificado.\r\n in Unknown on line 0
[Tue Jul 14 20:59:11 2009] [notice] Child 2940: Child process is running
[Tue Jul 14 20:59:11 2009] [notice] Child 2940: Acquired the start mutex.
[Tue Jul 14 20:59:11 2009] [notice] Child 2940: Starting 64 worker threads.
[Tue Jul 14 20:59:11 2009] [notice] Child 2940: Starting thread to listen on port 8085.
[Tue Jul 14 20:59:11 2009] [notice] Child 2940: Starting thread to listen on port 8000.
[Tue Jul 14 20:59:17 2009] [error] [client 127.0.0.1] PHP Fatal error:  Class 'PDO' not found in C:\\WebServer\\SymBundle\\framework\\Data\\TDbConnection.php on line 183
[Tue Jul 14 20:59:22 2009] [error] [client 127.0.0.1] PHP Fatal error:  Class 'PDO' not found in C:\\WebServer\\SymBundle\\framework\\Data\\TDbConnection.php on line 183
[Tue Jul 14 20:59:23 2009] [error] [client 127.0.0.1] PHP Fatal error:  Class 'PDO' not found in C:\\WebServer\\SymBundle\\framework\\Data\\TDbConnection.php on line 183
[Tue Jul 14 20:59:52 2009] [notice] Parent: Received shutdown signal -- Shutting down the server.
[Tue Jul 14 20:59:52 2009] [notice] Child 2940: Exit event signaled. Child process is ending.
[Tue Jul 14 20:59:53 2009] [notice] Child 2940: Released the start mutex
[Tue Jul 14 20:59:54 2009] [notice] Child 2940: All worker threads have exited.
[Tue Jul 14 20:59:54 2009] [notice] Child 2940: Child process is exiting
[Tue Jul 14 20:59:54 2009] [notice] Parent: Child process exited successfully.
PHP Warning:  PHP Startup: Unable to load dynamic library '/WebServer/PHP/ext/php_mcrypt.dll' - No se puede encontrar el m\xf3dulo especificado.\r\n in Unknown on line 0
PHP Warning:  PHP Startup: Unable to load dynamic library '/WebServer/PHP/ext/php_pdo_mysql.dll' - No se puede encontrar el m\xf3dulo especificado.\r\n in Unknown on line 0
[Tue Jul 14 21:00:12 2009] [notice] Apache/2.2.11 (Win32) PHP/5.2.8 configured -- resuming normal operations
[Tue Jul 14 21:00:12 2009] [notice] Server built: Dec 10 2008 00:10:06
[Tue Jul 14 21:00:12 2009] [notice] Parent: Created child process 784
Apache server interrupted...
able to load dynamic library '/WebServer/PHP/ext/php_mcrypt.dll' - No se puede encontrar el m\xf3dulo especificado.\r\n in Unknown on line 0
PHP Warning:  PHP Startup: Unable to load dynamic library '/WebServer/PHP/ext/php_pdo_mysql.dll' - No se puede encontrar el m\xf3dulo especificado.\r\n in Unknown on line 0
[Tue Jul 14 21:00:14 2009] [notice] Child 784: Child process is running
[Tue Jul 14 21:00:14 2009] [notice] Child 784: Acquired the start mutex.
[Tue Jul 14 21:00:14 2009] [notice] Child 784: Starting 64 worker threads.
[Tue Jul 14 21:00:14 2009] [notice] Child 784: Starting thread to listen on port 8000.
[Tue Jul 14 21:00:14 2009] [notice] Child 784: Starting thread to listen on port 8085.
[Tue Jul 14 21:01:20 2009] [notice] Parent: Received shutdown signal -- Shutting down the server.
[Tue Jul 14 21:01:20 2009] [notice] Child 784: Exit event signaled. Child process is ending.
[Tue Jul 14 21:01:21 2009] [notice] Child 784: Released the start mutex
[Tue Jul 14 21:01:22 2009] [notice] Child 784: All worker threads have exited.
[Tue Jul 14 21:01:22 2009] [notice] Child 784: Child process is exiting
[Tue Jul 14 21:01:22 2009] [notice] Parent: Child process exited successfully.
PHP Warning:  PHP Startup: Unable to load dynamic library '/WebServer/PHP/ext/php_mcrypt.dll' - No se puede encontrar el m\xf3dulo especificado.\r\n in Unknown on line 0
PHP Warning:  PHP Startup: Unable to load dynamic library '/WebServer/PHP/ext/php_pdo_mysql.dll' - No se puede encontrar el m\xf3dulo especificado.\r\n in Unknown on line 0
[Tue Jul 14 21:01:27 2009] [notice] Apache/2.2.11 (Win32) PHP/5.2.8 configured -- resuming normal operations
[Tue Jul 14 21:01:27 2009] [notice] Server built: Dec 10 2008 00:10:06
[Tue Jul 14 21:01:27 2009] [notice] Parent: Created child process 396
Apache server interrupted...
able to load dynamic library '/WebServer/PHP/ext/php_mcrypt.dll' - No se puede encontrar el m\xf3dulo especificado.\r\n in Unknown on line 0
PHP Warning:  PHP Startup: Unable to load dynamic library '/WebServer/PHP/ext/php_pdo_mysql.dll' - No se puede encontrar el m\xf3dulo especificado.\r\n in Unknown on line 0
[Tue Jul 14 21:01:28 2009] [notice] Child 396: Child process is running
[Tue Jul 14 21:01:28 2009] [notice] Child 396: Acquired the start mutex.
[Tue Jul 14 21:01:28 2009] [notice] Child 396: Starting 64 worker threads.
[Tue Jul 14 21:01:28 2009] [notice] Child 396: Starting thread to listen on port 8085.
[Tue Jul 14 21:01:28 2009] [notice] Child 396: Starting thread to listen on port 8000.
[Tue Jul 14 21:01:31 2009] [notice] Parent: Received shutdown signal -- Shutting down the server.
[Tue Jul 14 21:01:31 2009] [notice] Child 396: Exit event signaled. Child process is ending.
[Tue Jul 14 21:01:32 2009] [notice] Child 396: Released the start mutex
[Tue Jul 14 21:01:33 2009] [notice] Child 396: All worker threads have exited.
[Tue Jul 14 21:01:33 2009] [notice] Child 396: Child process is exiting
[Tue Jul 14 21:01:33 2009] [notice] Parent: Child process exited successfully.
PHP Warning:  PHP Startup: Unable to load dynamic library '/WebServer/PHP/ext/php_mcrypt.dll' - No se puede encontrar el m\xf3dulo especificado.\r\n in Unknown on line 0
PHP Warning:  PHP Startup: Unable to load dynamic library '/WebServer/PHP/ext/php_pdo_mysql.dll' - No se puede encontrar el m\xf3dulo especificado.\r\n in Unknown on line 0
[Tue Jul 14 21:01:42 2009] [notice] Apache/2.2.11 (Win32) PHP/5.2.8 configured -- resuming normal operations
[Tue Jul 14 21:01:42 2009] [notice] Server built: Dec 10 2008 00:10:06
[Tue Jul 14 21:01:42 2009] [notice] Parent: Created child process 664
Apache server interrupted...
able to load dynamic library '/WebServer/PHP/ext/php_mcrypt.dll' - No se puede encontrar el m\xf3dulo especificado.\r\n in Unknown on line 0
PHP Warning:  PHP Startup: Unable to load dynamic library '/WebServer/PHP/ext/php_pdo_mysql.dll' - No se puede encontrar el m\xf3dulo especificado.\r\n in Unknown on line 0
[Tue Jul 14 21:01:47 2009] [notice] Child 664: Child process is running
[Tue Jul 14 21:01:47 2009] [notice] Child 664: Acquired the start mutex.
[Tue Jul 14 21:01:47 2009] [notice] Child 664: Starting 64 worker threads.
[Tue Jul 14 21:01:47 2009] [notice] Child 664: Starting thread to listen on port 8085.
[Tue Jul 14 21:01:47 2009] [notice] Child 664: Starting thread to listen on port 8000.
[Tue Jul 14 21:03:18 2009] [notice] Parent: Received shutdown signal -- Shutting down the server.
[Tue Jul 14 21:03:18 2009] [notice] Child 664: Exit event signaled. Child process is ending.
[Tue Jul 14 21:03:19 2009] [notice] Child 664: Released the start mutex
[Tue Jul 14 21:03:20 2009] [notice] Child 664: All worker threads have exited.
[Tue Jul 14 21:03:20 2009] [notice] Child 664: Child process is exiting
[Tue Jul 14 21:03:20 2009] [notice] Parent: Child process exited successfully.
PHP Warning:  PHP Startup: Unable to load dynamic library '/WebServer/PHP/ext/php_mcrypt.dll' - No se puede encontrar el m\xf3dulo especificado.\r\n in Unknown on line 0
PHP Warning:  PHP Startup: Unable to load dynamic library '/WebServer/PHP/ext/php_pdo_mysql.dll' - No se puede encontrar el m\xf3dulo especificado.\r\n in Unknown on line 0
[Tue Jul 14 21:03:35 2009] [notice] Apache/2.2.11 (Win32) PHP/5.2.8 configured -- resuming normal operations
[Tue Jul 14 21:03:35 2009] [notice] Server built: Dec 10 2008 00:10:06
[Tue Jul 14 21:03:35 2009] [notice] Parent: Created child process 1760
Apache server interrupted...
able to load dynamic library '/WebServer/PHP/ext/php_mcrypt.dll' - No se puede encontrar el m\xf3dulo especificado.\r\n in Unknown on line 0
PHP Warning:  PHP Startup: Unable to load dynamic library '/WebServer/PHP/ext/php_pdo_mysql.dll' - No se puede encontrar el m\xf3dulo especificado.\r\n in Unknown on line 0
[Tue Jul 14 21:03:36 2009] [notice] Child 1760: Child process is running
[Tue Jul 14 21:03:36 2009] [notice] Child 1760: Acquired the start mutex.
[Tue Jul 14 21:03:36 2009] [notice] Child 1760: Starting 64 worker threads.
[Tue Jul 14 21:03:36 2009] [notice] Child 1760: Starting thread to listen on port 8085.
[Tue Jul 14 21:03:36 2009] [notice] Child 1760: Starting thread to listen on port 8000.
[Tue Jul 14 21:03:46 2009] [notice] Parent: Received shutdown signal -- Shutting down the server.
[Tue Jul 14 21:03:46 2009] [notice] Child 1760: Exit event signaled. Child process is ending.
[Tue Jul 14 21:03:47 2009] [notice] Child 1760: Released the start mutex
[Tue Jul 14 21:03:48 2009] [notice] Child 1760: All worker threads have exited.
[Tue Jul 14 21:03:48 2009] [notice] Child 1760: Child process is exiting
[Tue Jul 14 21:03:48 2009] [notice] Parent: Child process exited successfully.
PHP Warning:  PHP Startup: Unable to load dynamic library '/WebServer/PHP/ext/php_mcrypt.dll' - No se puede encontrar el m\xf3dulo especificado.\r\n in Unknown on line 0
PHP Warning:  PHP Startup: Unable to load dynamic library '/WebServer/PHP/ext/php_openssl.dll' - No se puede encontrar el m\xf3dulo especificado.\r\n in Unknown on line 0
PHP Warning:  PHP Startup: Unable to load dynamic library '/WebServer/PHP/ext/php_pdo_mysql.dll' - No se puede encontrar el m\xf3dulo especificado.\r\n in Unknown on line 0
[Tue Jul 14 21:03:59 2009] [notice] Apache/2.2.11 (Win32) PHP/5.2.8 configured -- resuming normal operations
[Tue Jul 14 21:03:59 2009] [notice] Server built: Dec 10 2008 00:10:06
[Tue Jul 14 21:03:59 2009] [notice] Parent: Created child process 488
Apache server interrupted...
able to load dynamic library '/WebServer/PHP/ext/php_mcrypt.dll' - No se puede encontrar el m\xf3dulo especificado.\r\n in Unknown on line 0
PHP Warning:  PHP Startup: Unable to load dynamic library '/WebServer/PHP/ext/php_openssl.dll' - No se puede encontrar el m\xf3dulo especificado.\r\n in Unknown on line 0
PHP Warning:  PHP Startup: Unable to load dynamic library '/WebServer/PHP/ext/php_pdo_mysql.dll' - No se puede encontrar el m\xf3dulo especificado.\r\n in Unknown on line 0
[Tue Jul 14 21:04:01 2009] [notice] Child 488: Child process is running
[Tue Jul 14 21:04:01 2009] [notice] Child 488: Acquired the start mutex.
[Tue Jul 14 21:04:01 2009] [notice] Child 488: Starting 64 worker threads.
[Tue Jul 14 21:04:01 2009] [notice] Child 488: Starting thread to listen on port 8085.
[Tue Jul 14 21:04:01 2009] [notice] Child 488: Starting thread to listen on port 8000.
[Tue Jul 14 21:04:45 2009] [notice] Parent: Received shutdown signal -- Shutting down the server.
[Tue Jul 14 21:04:45 2009] [notice] Child 488: Exit event signaled. Child process is ending.
[Tue Jul 14 21:04:46 2009] [notice] Child 488: Released the start mutex
[Tue Jul 14 21:04:47 2009] [notice] Child 488: All worker threads have exited.
[Tue Jul 14 21:04:47 2009] [notice] Child 488: Child process is exiting
[Tue Jul 14 21:04:47 2009] [notice] Parent: Child process exited successfully.
[Tue Jul 14 21:04:50 2009] [notice] Apache/2.2.11 (Win32) PHP/5.2.8 configured -- resuming normal operations
[Tue Jul 14 21:04:50 2009] [notice] Server built: Dec 10 2008 00:10:06
[Tue Jul 14 21:04:50 2009] [notice] Parent: Created child process 2900
Apache server shutdown initiated...
Child 2900: Child process is running
[Tue Jul 14 21:04:50 2009] [notice] Child 2900: Acquired the start mutex.
[Tue Jul 14 21:04:50 2009] [notice] Child 2900: Starting 64 worker threads.
[Tue Jul 14 21:04:50 2009] [notice] Child 2900: Starting thread to listen on port 8085.
[Tue Jul 14 21:04:50 2009] [notice] Child 2900: Starting thread to listen on port 8000.
[Tue Jul 14 23:02:52 2009] [notice] Parent: Received shutdown signal -- Shutting down the server.
[Tue Jul 14 23:02:52 2009] [notice] Child 2900: Exit event signaled. Child process is ending.
[Tue Jul 14 23:02:53 2009] [notice] Child 2900: Released the start mutex
[Tue Jul 14 23:02:54 2009] [notice] Child 2900: All worker threads have exited.
[Tue Jul 14 23:02:54 2009] [notice] Child 2900: Child process is exiting
[Tue Jul 14 23:02:54 2009] [notice] Parent: Child process exited successfully.
[Wed Jul 15 11:59:41 2009] [notice] Apache/2.2.11 (Win32) PHP/5.2.8 configured -- resuming normal operations
[Wed Jul 15 11:59:41 2009] [notice] Server built: Dec 10 2008 00:10:06
[Wed Jul 15 11:59:41 2009] [notice] Parent: Created child process 6088
[Wed Jul 15 11:59:41 2009] [notice] Child 6088: Child process is running
[Wed Jul 15 11:59:41 2009] [notice] Child 6088: Acquired the start mutex.
[Wed Jul 15 11:59:41 2009] [notice] Child 6088: Starting 64 worker threads.
[Wed Jul 15 11:59:41 2009] [notice] Child 6088: Starting thread to listen on port 8085.
[Wed Jul 15 11:59:41 2009] [notice] Child 6088: Starting thread to listen on port 8000.
[Wed Jul 15 12:01:09 2009] [error] [client 127.0.0.1] File does not exist: C:/WebServer/SymBundle/SYM3/favicon.ico
[Wed Jul 15 12:01:12 2009] [error] [client 127.0.0.1] File does not exist: C:/WebServer/SymBundle/SYM3/favicon.ico
[Wed Jul 15 12:52:11 2009] [notice] Parent: Received shutdown signal -- Shutting down the server.
[Wed Jul 15 12:52:11 2009] [notice] Child 6088: Exit event signaled. Child process is ending.
[Wed Jul 15 12:52:12 2009] [notice] Child 6088: Released the start mutex
[Wed Jul 15 12:52:13 2009] [notice] Child 6088: All worker threads have exited.
[Wed Jul 15 12:52:13 2009] [notice] Child 6088: Child process is exiting
[Wed Jul 15 12:52:13 2009] [notice] Parent: Child process exited successfully.
